<?xml version="1.0" encoding="UTF-8"?>
<!-- Generated by org.testng.reporters.JUnitReportReporter -->
<testsuite hostname="Akhilesh" failures="0" tests="1" name="cucumberOption.TestNGTestRunner" time="0.071" errors="0" timestamp="2024-11-12T18:17:14 IST" skipped="0">
  <testcase classname="cucumberOption.TestNGTestRunner" name="runScenario" time="0.071"/>
</testsuite> <!-- cucumberOption.TestNGTestRunner -->
